INFO ContainerBackgroundProcessor[StandardEngine[Catalina]] org.springframework.web.servlet.DispatcherServlet - FrameworkServlet 'DispatcherServlet': initialization started
INFO ContainerBackgroundProcessor[StandardEngine[Catalina]] org.springframework.web.context.support.XmlWebApplicationContext - Refreshing WebApplicationContext for namespace 'DispatcherServlet-servlet': startup date [Wed Nov 04 16:18:13 CST 2015]; root of context hierarchy
INFO ContainerBackgroundProcessor[StandardEngine[Catalina]] org.springframework.beans.factory.xml.XmlBeanDefinitionReader - Loading XML bean definitions from ServletContext resource [/WEB-INF/DispatcherServlet-servlet.xml]
INFO ContainerBackgroundProcessor[StandardEngine[Catalina]] org.springframework.web.servlet.handler.SimpleUrlHandlerMapping - Mapped URL path [/**] onto handler 'org.springframework.web.servlet.resource.DefaultServletHttpRequestHandler#0'
INFO ContainerBackgroundProcessor[StandardEngine[Catalina]] org.springframework.web.servlet.mvc.method.annotation.RequestMappingHandlerMapping - Mapped "{[/aboutUs || /debt || /contactUs || /hr || /safe]}" onto public java.lang.String com.hjxintuo.controller.HomeController.comingSoon(javax.servlet.http.HttpSession,org.springframework.ui.ModelMap)
INFO ContainerBackgroundProcessor[StandardEngine[Catalina]] org.springframework.web.servlet.mvc.method.annotation.RequestMappingHandlerMapping - Mapped "{[/test]}" onto public java.lang.String com.hjxintuo.controller.HomeController.test(javax.servlet.http.HttpSession,org.springframework.ui.ModelMap)
INFO ContainerBackgroundProcessor[StandardEngine[Catalina]] org.springframework.web.servlet.mvc.method.annotation.RequestMappingHandlerMapping - Mapped "{[/ || /home]}" onto public java.lang.String com.hjxintuo.controller.HomeController.home(javax.servlet.http.HttpSession,org.springframework.ui.ModelMap)
INFO ContainerBackgroundProcessor[StandardEngine[Catalina]] org.springframework.web.servlet.mvc.method.annotation.RequestMappingHandlerMapping - Mapped "{[/invest]}" onto public java.lang.String com.hjxintuo.controller.InvestController.investHome(org.springframework.ui.ModelMap,javax.servlet.http.HttpServletRequest)
INFO ContainerBackgroundProcessor[StandardEngine[Catalina]] org.springframework.web.servlet.mvc.method.annotation.RequestMappingHandlerMapping - Mapped "{[/invest/buy]}" onto public java.util.Map<java.lang.String, java.lang.Object> com.hjxintuo.controller.InvestController.buy(javax.servlet.http.HttpServletRequest,javax.servlet.http.HttpSession,java.lang.Integer,float)
INFO ContainerBackgroundProcessor[StandardEngine[Catalina]] org.springframework.web.servlet.mvc.method.annotation.RequestMappingHandlerMapping - Mapped "{[/invest/product]}" onto public java.lang.String com.hjxintuo.controller.InvestController.productDetail(javax.servlet.http.HttpSession,javax.servlet.http.HttpServletRequest,org.springframework.ui.ModelMap)
INFO ContainerBackgroundProcessor[StandardEngine[Catalina]] org.springframework.web.servlet.mvc.method.annotation.RequestMappingHandlerMapping - Mapped "{[/SMSCode]}" onto public void com.hjxintuo.controller.RandomCodeController.SMSCode(javax.servlet.http.HttpSession)
INFO ContainerBackgroundProcessor[StandardEngine[Catalina]] org.springframework.web.servlet.mvc.method.annotation.RequestMappingHandlerMapping - Mapped "{[/verify_code]}" onto public java.lang.String com.hjxintuo.controller.RandomCodeController.verifyCode(java.lang.String,javax.servlet.http.HttpSession)
INFO ContainerBackgroundProcessor[StandardEngine[Catalina]] org.springframework.web.servlet.mvc.method.annotation.RequestMappingHandlerMapping - Mapped "{[/verification_code]}" onto public void com.hjxintuo.controller.RandomCodeController.getCode(javax.servlet.http.HttpServletRequest,javax.servlet.http.HttpServletResponse)
INFO ContainerBackgroundProcessor[StandardEngine[Catalina]] org.springframework.web.servlet.mvc.method.annotation.RequestMappingHandlerMapping - Mapped "{[/login]}" onto public java.lang.String com.hjxintuo.controller.UserController.login(org.springframework.ui.ModelMap)
INFO ContainerBackgroundProcessor[StandardEngine[Catalina]] org.springframework.web.servlet.mvc.method.annotation.RequestMappingHandlerMapping - Mapped "{[/logout]}" onto public java.lang.String com.hjxintuo.controller.UserController.logout(javax.servlet.http.HttpSession)
INFO ContainerBackgroundProcessor[StandardEngine[Catalina]] org.springframework.web.servlet.mvc.method.annotation.RequestMappingHandlerMapping - Mapped "{[/do_login]}" onto public java.util.Map<java.lang.String, java.lang.Object> com.hjxintuo.controller.UserController.doLogin(javax.servlet.http.HttpServletRequest,javax.servlet.http.HttpServletResponse,javax.servlet.http.HttpSession,java.lang.String,java.lang.String)
INFO ContainerBackgroundProcessor[StandardEngine[Catalina]] org.springframework.web.servlet.mvc.method.annotation.RequestMappingHandlerMapping - Mapped "{[/account || /account/home]}" onto public java.lang.String com.hjxintuo.controller.UserController.account(javax.servlet.http.HttpSession,org.springframework.ui.ModelMap)
INFO ContainerBackgroundProcessor[StandardEngine[Catalina]] org.springframework.web.servlet.mvc.method.annotation.RequestMappingHandlerMapping - Mapped "{[/recharge]}" onto public java.lang.String com.hjxintuo.controller.UserController.recharge(javax.servlet.http.HttpSession,javax.servlet.http.HttpServletRequest)
INFO ContainerBackgroundProcessor[StandardEngine[Catalina]] org.springframework.web.servlet.mvc.method.annotation.RequestMappingHandlerMapping - Mapped "{[/validate_phone]}" onto public boolean com.hjxintuo.controller.UserController.validatePhone(java.lang.String)
INFO ContainerBackgroundProcessor[StandardEngine[Catalina]] org.springframework.web.servlet.mvc.method.annotation.RequestMappingHandlerMapping - Mapped "{[/do_register_step_1]}" onto public java.util.Map<java.lang.String, java.lang.Object> com.hjxintuo.controller.UserController.doRegisterStep1(javax.servlet.http.HttpServletRequest,javax.servlet.http.HttpSession,java.lang.String)
INFO ContainerBackgroundProcessor[StandardEngine[Catalina]] org.springframework.web.servlet.mvc.method.annotation.RequestMappingHandlerMapping - Mapped "{[/register_step_2]}" onto public java.lang.String com.hjxintuo.controller.UserController.registerStep2(javax.servlet.http.HttpSession,org.springframework.ui.ModelMap)
INFO ContainerBackgroundProcessor[StandardEngine[Catalina]] org.springframework.web.servlet.mvc.method.annotation.RequestMappingHandlerMapping - Mapped "{[/do_register_step_2]}" onto public java.util.Map<java.lang.String, java.lang.Object> com.hjxintuo.controller.UserController.doRegisterStep2(javax.servlet.http.HttpServletRequest,javax.servlet.http.HttpSession,java.lang.String)
INFO ContainerBackgroundProcessor[StandardEngine[Catalina]] org.springframework.web.servlet.mvc.method.annotation.RequestMappingHandlerMapping - Mapped "{[/register_step_3]}" onto public java.lang.String com.hjxintuo.controller.UserController.registerStep3(org.springframework.ui.ModelMap,javax.servlet.http.HttpSession)
INFO ContainerBackgroundProcessor[StandardEngine[Catalina]] org.springframework.web.servlet.mvc.method.annotation.RequestMappingHandlerMapping - Mapped "{[/register]}" onto public java.lang.String com.hjxintuo.controller.UserController.register(org.springframework.ui.ModelMap)
INFO ContainerBackgroundProcessor[StandardEngine[Catalina]] org.springframework.web.servlet.mvc.method.annotation.RequestMappingHandlerAdapter - Looking for @ControllerAdvice: WebApplicationContext for namespace 'DispatcherServlet-servlet': startup date [Wed Nov 04 16:18:13 CST 2015]; root of context hierarchy
INFO ContainerBackgroundProcessor[StandardEngine[Catalina]] org.springframework.web.servlet.mvc.method.annotation.RequestMappingHandlerAdapter - Looking for @ControllerAdvice: WebApplicationContext for namespace 'DispatcherServlet-servlet': startup date [Wed Nov 04 16:18:13 CST 2015]; root of context hierarchy
INFO ContainerBackgroundProcessor[StandardEngine[Catalina]] org.springframework.web.servlet.handler.SimpleUrlHandlerMapping - Mapped URL path [/css/**] onto handler 'org.springframework.web.servlet.resource.ResourceHttpRequestHandler#0'
INFO ContainerBackgroundProcessor[StandardEngine[Catalina]] org.springframework.web.servlet.handler.SimpleUrlHandlerMapping - Mapped URL path [/images/**] onto handler 'org.springframework.web.servlet.resource.ResourceHttpRequestHandler#1'
INFO ContainerBackgroundProcessor[StandardEngine[Catalina]] org.springframework.web.servlet.handler.SimpleUrlHandlerMapping - Mapped URL path [/js/**] onto handler 'org.springframework.web.servlet.resource.ResourceHttpRequestHandler#2'
INFO ContainerBackgroundProcessor[StandardEngine[Catalina]] org.springframework.web.servlet.DispatcherServlet - FrameworkServlet 'DispatcherServlet': initialization completed in 979 ms
INFO http-bio-8080-exec-3 com.hjxintuo.controller.UserController - /account
INFO http-bio-8080-exec-3 com.hjxintuo.controller.UserController - pls login.
INFO http-bio-8080-exec-5 com.hjxintuo.controller.UserController - login !
INFO http-bio-8080-exec-1 com.hjxintuo.controller.UserController - do_login
INFO http-bio-8080-exec-2 com.hjxintuo.controller.UserController - do_login
INFO http-bio-8080-exec-1 org.hibernate.Version - HHH000412: Hibernate Core {5.0.1.Final}
INFO http-bio-8080-exec-1 org.hibernate.cfg.Environment - HHH000206: hibernate.properties not found
INFO http-bio-8080-exec-1 org.hibernate.cfg.Environment - HHH000021: Bytecode provider name : javassist
WARN http-bio-8080-exec-1 org.hibernate.orm.deprecation - HHH90000012: Recognized obsolete hibernate namespace http://hibernate.sourceforge.net/hibernate-configuration. Use namespace http://www.hibernate.org/dtd/hibernate-configuration instead.  Support for obsolete DTD/XSD namespaces may be removed at any time.
INFO http-bio-8080-exec-1 org.hibernate.annotations.common.Version - HCANN000001: Hibernate Commons Annotations {5.0.0.Final}
WARN http-bio-8080-exec-1 org.hibernate.engine.jdbc.connections.internal.DriverManagerConnectionProviderImpl - HHH000402: Using Hibernate built-in connection pool (not for production use!)
INFO http-bio-8080-exec-1 org.hibernate.engine.jdbc.connections.internal.DriverManagerConnectionProviderImpl - HHH000401: using driver [com.mysql.jdbc.Driver] at URL [jdbc:mysql://localhost:3306/hjxintuo?characterEncoding=UTF-8]
INFO http-bio-8080-exec-1 org.hibernate.engine.jdbc.connections.internal.DriverManagerConnectionProviderImpl - HHH000046: Connection properties: {user=root, password=****}
INFO http-bio-8080-exec-1 org.hibernate.engine.jdbc.connections.internal.DriverManagerConnectionProviderImpl - HHH000006: Autocommit mode: false
INFO http-bio-8080-exec-1 org.hibernate.engine.jdbc.connections.internal.DriverManagerConnectionProviderImpl - HHH000115: Hibernate connection pool size: 20 (min=1)
INFO http-bio-8080-exec-1 org.hibernate.dialect.Dialect - HHH000400: Using dialect: org.hibernate.dialect.MySQL5Dialect
INFO http-bio-8080-exec-1 org.hibernate.tool.hbm2ddl.SchemaUpdate - HHH000228: Running hbm2ddl schema update
INFO http-bio-8080-exec-1 org.hibernate.hql.internal.QueryTranslatorFactoryInitiator - HHH000397: Using ASTQueryTranslatorFactory
INFO http-bio-8080-exec-2 org.hibernate.hql.internal.QueryTranslatorFactoryInitiator - HHH000397: Using ASTQueryTranslatorFactory
INFO http-bio-8080-exec-3 com.hjxintuo.controller.UserController - /account
INFO http-bio-8080-exec-3 com.hjxintuo.controller.UserController - hello, 15818603685
INFO http-bio-8080-exec-3 com.hjxintuo.controller.UserController - /recharge
INFO http-bio-8080-exec-11 com.hjxintuo.controller.UserController - /recharge
INFO ContainerBackgroundProcessor[StandardEngine[Catalina]] org.springframework.web.context.support.XmlWebApplicationContext - Closing WebApplicationContext for namespace 'DispatcherServlet-servlet': startup date [Wed Nov 04 16:18:13 CST 2015]; root of context hierarchy
INFO ContainerBackgroundProcessor[StandardEngine[Catalina]] org.springframework.web.servlet.DispatcherServlet - FrameworkServlet 'DispatcherServlet': initialization started
INFO ContainerBackgroundProcessor[StandardEngine[Catalina]] org.springframework.web.context.support.XmlWebApplicationContext - Refreshing WebApplicationContext for namespace 'DispatcherServlet-servlet': startup date [Wed Nov 04 16:29:51 CST 2015]; root of context hierarchy
INFO ContainerBackgroundProcessor[StandardEngine[Catalina]] org.springframework.beans.factory.xml.XmlBeanDefinitionReader - Loading XML bean definitions from ServletContext resource [/WEB-INF/DispatcherServlet-servlet.xml]
INFO ContainerBackgroundProcessor[StandardEngine[Catalina]] org.springframework.web.servlet.handler.SimpleUrlHandlerMapping - Mapped URL path [/**] onto handler 'org.springframework.web.servlet.resource.DefaultServletHttpRequestHandler#0'
INFO ContainerBackgroundProcessor[StandardEngine[Catalina]] org.springframework.web.servlet.mvc.method.annotation.RequestMappingHandlerMapping - Mapped "{[/aboutUs || /debt || /contactUs || /hr || /safe]}" onto public java.lang.String com.hjxintuo.controller.HomeController.comingSoon(javax.servlet.http.HttpSession,org.springframework.ui.ModelMap)
INFO ContainerBackgroundProcessor[StandardEngine[Catalina]] org.springframework.web.servlet.mvc.method.annotation.RequestMappingHandlerMapping - Mapped "{[/test]}" onto public java.lang.String com.hjxintuo.controller.HomeController.test(javax.servlet.http.HttpSession,org.springframework.ui.ModelMap)
INFO ContainerBackgroundProcessor[StandardEngine[Catalina]] org.springframework.web.servlet.mvc.method.annotation.RequestMappingHandlerMapping - Mapped "{[/ || /home]}" onto public java.lang.String com.hjxintuo.controller.HomeController.home(javax.servlet.http.HttpSession,org.springframework.ui.ModelMap)
INFO ContainerBackgroundProcessor[StandardEngine[Catalina]] org.springframework.web.servlet.mvc.method.annotation.RequestMappingHandlerMapping - Mapped "{[/invest]}" onto public java.lang.String com.hjxintuo.controller.InvestController.investHome(org.springframework.ui.ModelMap,javax.servlet.http.HttpServletRequest)
INFO ContainerBackgroundProcessor[StandardEngine[Catalina]] org.springframework.web.servlet.mvc.method.annotation.RequestMappingHandlerMapping - Mapped "{[/invest/buy]}" onto public java.util.Map<java.lang.String, java.lang.Object> com.hjxintuo.controller.InvestController.buy(javax.servlet.http.HttpServletRequest,javax.servlet.http.HttpSession,java.lang.Integer,float)
INFO ContainerBackgroundProcessor[StandardEngine[Catalina]] org.springframework.web.servlet.mvc.method.annotation.RequestMappingHandlerMapping - Mapped "{[/invest/product]}" onto public java.lang.String com.hjxintuo.controller.InvestController.productDetail(javax.servlet.http.HttpSession,javax.servlet.http.HttpServletRequest,org.springframework.ui.ModelMap)
INFO ContainerBackgroundProcessor[StandardEngine[Catalina]] org.springframework.web.servlet.mvc.method.annotation.RequestMappingHandlerMapping - Mapped "{[/SMSCode]}" onto public void com.hjxintuo.controller.RandomCodeController.SMSCode(javax.servlet.http.HttpSession)
INFO ContainerBackgroundProcessor[StandardEngine[Catalina]] org.springframework.web.servlet.mvc.method.annotation.RequestMappingHandlerMapping - Mapped "{[/verify_code]}" onto public java.lang.String com.hjxintuo.controller.RandomCodeController.verifyCode(java.lang.String,javax.servlet.http.HttpSession)
INFO ContainerBackgroundProcessor[StandardEngine[Catalina]] org.springframework.web.servlet.mvc.method.annotation.RequestMappingHandlerMapping - Mapped "{[/verification_code]}" onto public void com.hjxintuo.controller.RandomCodeController.getCode(javax.servlet.http.HttpServletRequest,javax.servlet.http.HttpServletResponse)
INFO ContainerBackgroundProcessor[StandardEngine[Catalina]] org.springframework.web.servlet.mvc.method.annotation.RequestMappingHandlerMapping - Mapped "{[/login]}" onto public java.lang.String com.hjxintuo.controller.UserController.login(org.springframework.ui.ModelMap)
INFO ContainerBackgroundProcessor[StandardEngine[Catalina]] org.springframework.web.servlet.mvc.method.annotation.RequestMappingHandlerMapping - Mapped "{[/logout]}" onto public java.lang.String com.hjxintuo.controller.UserController.logout(javax.servlet.http.HttpSession)
INFO ContainerBackgroundProcessor[StandardEngine[Catalina]] org.springframework.web.servlet.mvc.method.annotation.RequestMappingHandlerMapping - Mapped "{[/do_login]}" onto public java.util.Map<java.lang.String, java.lang.Object> com.hjxintuo.controller.UserController.doLogin(javax.servlet.http.HttpServletRequest,javax.servlet.http.HttpServletResponse,javax.servlet.http.HttpSession,java.lang.String,java.lang.String)
INFO ContainerBackgroundProcessor[StandardEngine[Catalina]] org.springframework.web.servlet.mvc.method.annotation.RequestMappingHandlerMapping - Mapped "{[/account || /account/home]}" onto public java.lang.String com.hjxintuo.controller.UserController.account(javax.servlet.http.HttpSession,org.springframework.ui.ModelMap)
INFO ContainerBackgroundProcessor[StandardEngine[Catalina]] org.springframework.web.servlet.mvc.method.annotation.RequestMappingHandlerMapping - Mapped "{[/recharge]}" onto public java.lang.String com.hjxintuo.controller.UserController.recharge(javax.servlet.http.HttpSession,javax.servlet.http.HttpServletRequest)
INFO ContainerBackgroundProcessor[StandardEngine[Catalina]] org.springframework.web.servlet.mvc.method.annotation.RequestMappingHandlerMapping - Mapped "{[/validate_phone]}" onto public boolean com.hjxintuo.controller.UserController.validatePhone(java.lang.String)
INFO ContainerBackgroundProcessor[StandardEngine[Catalina]] org.springframework.web.servlet.mvc.method.annotation.RequestMappingHandlerMapping - Mapped "{[/do_register_step_1]}" onto public java.util.Map<java.lang.String, java.lang.Object> com.hjxintuo.controller.UserController.doRegisterStep1(javax.servlet.http.HttpServletRequest,javax.servlet.http.HttpSession,java.lang.String)
INFO ContainerBackgroundProcessor[StandardEngine[Catalina]] org.springframework.web.servlet.mvc.method.annotation.RequestMappingHandlerMapping - Mapped "{[/register_step_2]}" onto public java.lang.String com.hjxintuo.controller.UserController.registerStep2(javax.servlet.http.HttpSession,org.springframework.ui.ModelMap)
INFO ContainerBackgroundProcessor[StandardEngine[Catalina]] org.springframework.web.servlet.mvc.method.annotation.RequestMappingHandlerMapping - Mapped "{[/do_register_step_2]}" onto public java.util.Map<java.lang.String, java.lang.Object> com.hjxintuo.controller.UserController.doRegisterStep2(javax.servlet.http.HttpServletRequest,javax.servlet.http.HttpSession,java.lang.String)
INFO ContainerBackgroundProcessor[StandardEngine[Catalina]] org.springframework.web.servlet.mvc.method.annotation.RequestMappingHandlerMapping - Mapped "{[/register_step_3]}" onto public java.lang.String com.hjxintuo.controller.UserController.registerStep3(org.springframework.ui.ModelMap,javax.servlet.http.HttpSession)
INFO ContainerBackgroundProcessor[StandardEngine[Catalina]] org.springframework.web.servlet.mvc.method.annotation.RequestMappingHandlerMapping - Mapped "{[/register]}" onto public java.lang.String com.hjxintuo.controller.UserController.register(org.springframework.ui.ModelMap)
INFO ContainerBackgroundProcessor[StandardEngine[Catalina]] org.springframework.web.servlet.mvc.method.annotation.RequestMappingHandlerAdapter - Looking for @ControllerAdvice: WebApplicationContext for namespace 'DispatcherServlet-servlet': startup date [Wed Nov 04 16:29:51 CST 2015]; root of context hierarchy
INFO ContainerBackgroundProcessor[StandardEngine[Catalina]] org.springframework.web.servlet.mvc.method.annotation.RequestMappingHandlerAdapter - Looking for @ControllerAdvice: WebApplicationContext for namespace 'DispatcherServlet-servlet': startup date [Wed Nov 04 16:29:51 CST 2015]; root of context hierarchy
INFO ContainerBackgroundProcessor[StandardEngine[Catalina]] org.springframework.web.servlet.handler.SimpleUrlHandlerMapping - Mapped URL path [/css/**] onto handler 'org.springframework.web.servlet.resource.ResourceHttpRequestHandler#0'
INFO ContainerBackgroundProcessor[StandardEngine[Catalina]] org.springframework.web.servlet.handler.SimpleUrlHandlerMapping - Mapped URL path [/images/**] onto handler 'org.springframework.web.servlet.resource.ResourceHttpRequestHandler#1'
INFO ContainerBackgroundProcessor[StandardEngine[Catalina]] org.springframework.web.servlet.handler.SimpleUrlHandlerMapping - Mapped URL path [/js/**] onto handler 'org.springframework.web.servlet.resource.ResourceHttpRequestHandler#2'
INFO ContainerBackgroundProcessor[StandardEngine[Catalina]] org.springframework.web.servlet.DispatcherServlet - FrameworkServlet 'DispatcherServlet': initialization completed in 1038 ms
INFO http-bio-8080-exec-7 com.hjxintuo.controller.UserController - /recharge
INFO http-bio-8080-exec-7 com.hjxintuo.controller.UserController - please login.
INFO http-bio-8080-exec-12 com.hjxintuo.controller.UserController - login !
INFO http-bio-8080-exec-4 com.hjxintuo.controller.UserController - do_login
INFO http-bio-8080-exec-11 com.hjxintuo.controller.UserController - do_login
INFO http-bio-8080-exec-4 org.hibernate.Version - HHH000412: Hibernate Core {5.0.1.Final}
INFO http-bio-8080-exec-4 org.hibernate.cfg.Environment - HHH000206: hibernate.properties not found
INFO http-bio-8080-exec-4 org.hibernate.cfg.Environment - HHH000021: Bytecode provider name : javassist
WARN http-bio-8080-exec-4 org.hibernate.orm.deprecation - HHH90000012: Recognized obsolete hibernate namespace http://hibernate.sourceforge.net/hibernate-configuration. Use namespace http://www.hibernate.org/dtd/hibernate-configuration instead.  Support for obsolete DTD/XSD namespaces may be removed at any time.
INFO http-bio-8080-exec-4 org.hibernate.annotations.common.Version - HCANN000001: Hibernate Commons Annotations {5.0.0.Final}
WARN http-bio-8080-exec-4 org.hibernate.engine.jdbc.connections.internal.DriverManagerConnectionProviderImpl - HHH000402: Using Hibernate built-in connection pool (not for production use!)
INFO http-bio-8080-exec-4 org.hibernate.engine.jdbc.connections.internal.DriverManagerConnectionProviderImpl - HHH000401: using driver [com.mysql.jdbc.Driver] at URL [jdbc:mysql://localhost:3306/hjxintuo?characterEncoding=UTF-8]
INFO http-bio-8080-exec-4 org.hibernate.engine.jdbc.connections.internal.DriverManagerConnectionProviderImpl - HHH000046: Connection properties: {user=root, password=****}
INFO http-bio-8080-exec-4 org.hibernate.engine.jdbc.connections.internal.DriverManagerConnectionProviderImpl - HHH000006: Autocommit mode: false
INFO http-bio-8080-exec-4 org.hibernate.engine.jdbc.connections.internal.DriverManagerConnectionProviderImpl - HHH000115: Hibernate connection pool size: 20 (min=1)
INFO http-bio-8080-exec-4 org.hibernate.dialect.Dialect - HHH000400: Using dialect: org.hibernate.dialect.MySQL5Dialect
INFO http-bio-8080-exec-4 org.hibernate.tool.hbm2ddl.SchemaUpdate - HHH000228: Running hbm2ddl schema update
INFO http-bio-8080-exec-11 org.hibernate.hql.internal.QueryTranslatorFactoryInitiator - HHH000397: Using ASTQueryTranslatorFactory
INFO http-bio-8080-exec-10 com.hjxintuo.controller.UserController - /account
INFO http-bio-8080-exec-10 com.hjxintuo.controller.UserController - hello, 15818603685
INFO http-bio-8080-exec-3 com.hjxintuo.controller.UserController - /recharge
INFO http-bio-8080-exec-16 com.hjxintuo.controller.UserController - /recharge
INFO http-bio-8080-exec-14 com.hjxintuo.controller.UserController - /recharge
INFO http-bio-8080-exec-14 com.hjxintuo.controller.UserController - /recharge
INFO http-bio-8080-exec-13 com.hjxintuo.controller.UserController - /recharge
INFO http-bio-8080-exec-13 com.hjxintuo.controller.UserController - /recharge
INFO http-bio-8080-exec-19 com.hjxintuo.controller.UserController - /recharge
INFO http-bio-8080-exec-19 com.hjxintuo.controller.UserController - /recharge
INFO http-bio-8080-exec-20 com.hjxintuo.controller.UserController - /recharge
INFO http-bio-8080-exec-16 com.hjxintuo.controller.UserController - /recharge
INFO http-bio-8080-exec-17 com.hjxintuo.controller.UserController - /recharge
INFO http-bio-8080-exec-14 com.hjxintuo.controller.UserController - /recharge
INFO localhost-startStop-2 org.springframework.web.context.support.XmlWebApplicationContext - Closing WebApplicationContext for namespace 'DispatcherServlet-servlet': startup date [Wed Nov 04 16:29:51 CST 2015]; root of context hierarchy
INFO localhost-startStop-1 org.springframework.web.servlet.DispatcherServlet - FrameworkServlet 'DispatcherServlet': initialization started
INFO localhost-startStop-1 org.springframework.web.context.support.XmlWebApplicationContext - Refreshing WebApplicationContext for namespace 'DispatcherServlet-servlet': startup date [Wed Nov 04 16:56:28 CST 2015]; root of context hierarchy
INFO localhost-startStop-1 org.springframework.beans.factory.xml.XmlBeanDefinitionReader - Loading XML bean definitions from ServletContext resource [/WEB-INF/DispatcherServlet-servlet.xml]
INFO localhost-startStop-1 org.springframework.web.servlet.handler.SimpleUrlHandlerMapping - Mapped URL path [/**] onto handler 'org.springframework.web.servlet.resource.DefaultServletHttpRequestHandler#0'
INFO localhost-startStop-1 org.springframework.web.servlet.mvc.method.annotation.RequestMappingHandlerMapping - Mapped "{[/aboutUs || /debt || /contactUs || /hr || /safe]}" onto public java.lang.String com.hjxintuo.controller.HomeController.comingSoon(javax.servlet.http.HttpSession,org.springframework.ui.ModelMap)
INFO localhost-startStop-1 org.springframework.web.servlet.mvc.method.annotation.RequestMappingHandlerMapping - Mapped "{[/test]}" onto public java.lang.String com.hjxintuo.controller.HomeController.test(javax.servlet.http.HttpSession,org.springframework.ui.ModelMap)
INFO localhost-startStop-1 org.springframework.web.servlet.mvc.method.annotation.RequestMappingHandlerMapping - Mapped "{[/ || /home]}" onto public java.lang.String com.hjxintuo.controller.HomeController.home(javax.servlet.http.HttpSession,org.springframework.ui.ModelMap)
INFO localhost-startStop-1 org.springframework.web.servlet.mvc.method.annotation.RequestMappingHandlerMapping - Mapped "{[/invest]}" onto public java.lang.String com.hjxintuo.controller.InvestController.investHome(org.springframework.ui.ModelMap,javax.servlet.http.HttpServletRequest)
INFO localhost-startStop-1 org.springframework.web.servlet.mvc.method.annotation.RequestMappingHandlerMapping - Mapped "{[/invest/buy]}" onto public java.util.Map<java.lang.String, java.lang.Object> com.hjxintuo.controller.InvestController.buy(javax.servlet.http.HttpServletRequest,javax.servlet.http.HttpSession,java.lang.Integer,float)
INFO localhost-startStop-1 org.springframework.web.servlet.mvc.method.annotation.RequestMappingHandlerMapping - Mapped "{[/invest/product]}" onto public java.lang.String com.hjxintuo.controller.InvestController.productDetail(javax.servlet.http.HttpSession,javax.servlet.http.HttpServletRequest,org.springframework.ui.ModelMap)
INFO localhost-startStop-1 org.springframework.web.servlet.mvc.method.annotation.RequestMappingHandlerMapping - Mapped "{[/SMSCode]}" onto public void com.hjxintuo.controller.RandomCodeController.SMSCode(javax.servlet.http.HttpSession)
INFO localhost-startStop-1 org.springframework.web.servlet.mvc.method.annotation.RequestMappingHandlerMapping - Mapped "{[/verify_code]}" onto public java.lang.String com.hjxintuo.controller.RandomCodeController.verifyCode(java.lang.String,javax.servlet.http.HttpSession)
INFO localhost-startStop-1 org.springframework.web.servlet.mvc.method.annotation.RequestMappingHandlerMapping - Mapped "{[/verification_code]}" onto public void com.hjxintuo.controller.RandomCodeController.getCode(javax.servlet.http.HttpServletRequest,javax.servlet.http.HttpServletResponse)
INFO localhost-startStop-1 org.springframework.web.servlet.mvc.method.annotation.RequestMappingHandlerMapping - Mapped "{[/login]}" onto public java.lang.String com.hjxintuo.controller.UserController.login(org.springframework.ui.ModelMap)
INFO localhost-startStop-1 org.springframework.web.servlet.mvc.method.annotation.RequestMappingHandlerMapping - Mapped "{[/logout]}" onto public java.lang.String com.hjxintuo.controller.UserController.logout(javax.servlet.http.HttpSession)
INFO localhost-startStop-1 org.springframework.web.servlet.mvc.method.annotation.RequestMappingHandlerMapping - Mapped "{[/do_login]}" onto public java.util.Map<java.lang.String, java.lang.Object> com.hjxintuo.controller.UserController.doLogin(javax.servlet.http.HttpServletRequest,javax.servlet.http.HttpServletResponse,javax.servlet.http.HttpSession,java.lang.String,java.lang.String)
INFO localhost-startStop-1 org.springframework.web.servlet.mvc.method.annotation.RequestMappingHandlerMapping - Mapped "{[/account || /account/home]}" onto public java.lang.String com.hjxintuo.controller.UserController.account(javax.servlet.http.HttpSession,org.springframework.ui.ModelMap)
INFO localhost-startStop-1 org.springframework.web.servlet.mvc.method.annotation.RequestMappingHandlerMapping - Mapped "{[/recharge]}" onto public java.lang.String com.hjxintuo.controller.UserController.recharge(javax.servlet.http.HttpSession,javax.servlet.http.HttpServletRequest)
INFO localhost-startStop-1 org.springframework.web.servlet.mvc.method.annotation.RequestMappingHandlerMapping - Mapped "{[/validate_phone]}" onto public boolean com.hjxintuo.controller.UserController.validatePhone(java.lang.String)
INFO localhost-startStop-1 org.springframework.web.servlet.mvc.method.annotation.RequestMappingHandlerMapping - Mapped "{[/do_register_step_1]}" onto public java.util.Map<java.lang.String, java.lang.Object> com.hjxintuo.controller.UserController.doRegisterStep1(javax.servlet.http.HttpServletRequest,javax.servlet.http.HttpSession,java.lang.String)
INFO localhost-startStop-1 org.springframework.web.servlet.mvc.method.annotation.RequestMappingHandlerMapping - Mapped "{[/register_step_2]}" onto public java.lang.String com.hjxintuo.controller.UserController.registerStep2(javax.servlet.http.HttpSession,org.springframework.ui.ModelMap)
INFO localhost-startStop-1 org.springframework.web.servlet.mvc.method.annotation.RequestMappingHandlerMapping - Mapped "{[/do_register_step_2]}" onto public java.util.Map<java.lang.String, java.lang.Object> com.hjxintuo.controller.UserController.doRegisterStep2(javax.servlet.http.HttpServletRequest,javax.servlet.http.HttpSession,java.lang.String)
INFO localhost-startStop-1 org.springframework.web.servlet.mvc.method.annotation.RequestMappingHandlerMapping - Mapped "{[/register_step_3]}" onto public java.lang.String com.hjxintuo.controller.UserController.registerStep3(org.springframework.ui.ModelMap,javax.servlet.http.HttpSession)
INFO localhost-startStop-1 org.springframework.web.servlet.mvc.method.annotation.RequestMappingHandlerMapping - Mapped "{[/register]}" onto public java.lang.String com.hjxintuo.controller.UserController.register(org.springframework.ui.ModelMap)
INFO localhost-startStop-1 org.springframework.web.servlet.mvc.method.annotation.RequestMappingHandlerAdapter - Looking for @ControllerAdvice: WebApplicationContext for namespace 'DispatcherServlet-servlet': startup date [Wed Nov 04 16:56:28 CST 2015]; root of context hierarchy
INFO localhost-startStop-1 org.springframework.web.servlet.mvc.method.annotation.RequestMappingHandlerAdapter - Looking for @ControllerAdvice: WebApplicationContext for namespace 'DispatcherServlet-servlet': startup date [Wed Nov 04 16:56:28 CST 2015]; root of context hierarchy
INFO localhost-startStop-1 org.springframework.web.servlet.handler.SimpleUrlHandlerMapping - Mapped URL path [/css/**] onto handler 'org.springframework.web.servlet.resource.ResourceHttpRequestHandler#0'
INFO localhost-startStop-1 org.springframework.web.servlet.handler.SimpleUrlHandlerMapping - Mapped URL path [/images/**] onto handler 'org.springframework.web.servlet.resource.ResourceHttpRequestHandler#1'
INFO localhost-startStop-1 org.springframework.web.servlet.handler.SimpleUrlHandlerMapping - Mapped URL path [/js/**] onto handler 'org.springframework.web.servlet.resource.ResourceHttpRequestHandler#2'
INFO localhost-startStop-1 org.springframework.web.servlet.DispatcherServlet - FrameworkServlet 'DispatcherServlet': initialization completed in 4023 ms
INFO http-bio-8080-exec-3 com.hjxintuo.controller.UserController - /recharge
INFO http-bio-8080-exec-3 com.hjxintuo.controller.UserController - please login.
INFO http-bio-8080-exec-4 com.hjxintuo.controller.UserController - login !
INFO http-bio-8080-exec-6 com.hjxintuo.controller.UserController - do_login
INFO http-bio-8080-exec-1 com.hjxintuo.controller.UserController - do_login
INFO http-bio-8080-exec-6 org.hibernate.Version - HHH000412: Hibernate Core {5.0.1.Final}
INFO http-bio-8080-exec-6 org.hibernate.cfg.Environment - HHH000206: hibernate.properties not found
INFO http-bio-8080-exec-6 org.hibernate.cfg.Environment - HHH000021: Bytecode provider name : javassist
WARN http-bio-8080-exec-6 org.hibernate.orm.deprecation - HHH90000012: Recognized obsolete hibernate namespace http://hibernate.sourceforge.net/hibernate-configuration. Use namespace http://www.hibernate.org/dtd/hibernate-configuration instead.  Support for obsolete DTD/XSD namespaces may be removed at any time.
INFO http-bio-8080-exec-6 org.hibernate.annotations.common.Version - HCANN000001: Hibernate Commons Annotations {5.0.0.Final}
WARN http-bio-8080-exec-6 org.hibernate.engine.jdbc.connections.internal.DriverManagerConnectionProviderImpl - HHH000402: Using Hibernate built-in connection pool (not for production use!)
INFO http-bio-8080-exec-6 org.hibernate.engine.jdbc.connections.internal.DriverManagerConnectionProviderImpl - HHH000401: using driver [com.mysql.jdbc.Driver] at URL [jdbc:mysql://localhost:3306/hjxintuo?characterEncoding=UTF-8]
INFO http-bio-8080-exec-6 org.hibernate.engine.jdbc.connections.internal.DriverManagerConnectionProviderImpl - HHH000046: Connection properties: {user=root, password=****}
INFO http-bio-8080-exec-6 org.hibernate.engine.jdbc.connections.internal.DriverManagerConnectionProviderImpl - HHH000006: Autocommit mode: false
INFO http-bio-8080-exec-6 org.hibernate.engine.jdbc.connections.internal.DriverManagerConnectionProviderImpl - HHH000115: Hibernate connection pool size: 20 (min=1)
INFO http-bio-8080-exec-6 org.hibernate.dialect.Dialect - HHH000400: Using dialect: org.hibernate.dialect.MySQL5Dialect
INFO http-bio-8080-exec-6 org.hibernate.tool.hbm2ddl.SchemaUpdate - HHH000228: Running hbm2ddl schema update
INFO http-bio-8080-exec-6 org.hibernate.hql.internal.QueryTranslatorFactoryInitiator - HHH000397: Using ASTQueryTranslatorFactory
INFO http-bio-8080-exec-1 org.hibernate.hql.internal.QueryTranslatorFactoryInitiator - HHH000397: Using ASTQueryTranslatorFactory
INFO http-bio-8080-exec-6 com.hjxintuo.controller.UserController - /account
INFO http-bio-8080-exec-6 com.hjxintuo.controller.UserController - hello, 15818603685
INFO http-bio-8080-exec-6 com.hjxintuo.controller.UserController - /recharge
INFO localhost-startStop-2 org.springframework.web.context.support.XmlWebApplicationContext - Closing WebApplicationContext for namespace 'DispatcherServlet-servlet': startup date [Wed Nov 04 16:56:28 CST 2015]; root of context hierarchy
INFO localhost-startStop-1 org.springframework.web.servlet.DispatcherServlet - FrameworkServlet 'DispatcherServlet': initialization started
INFO localhost-startStop-1 org.springframework.web.context.support.XmlWebApplicationContext - Refreshing WebApplicationContext for namespace 'DispatcherServlet-servlet': startup date [Wed Nov 04 16:59:27 CST 2015]; root of context hierarchy
INFO localhost-startStop-1 org.springframework.beans.factory.xml.XmlBeanDefinitionReader - Loading XML bean definitions from ServletContext resource [/WEB-INF/DispatcherServlet-servlet.xml]
INFO localhost-startStop-1 org.springframework.web.servlet.handler.SimpleUrlHandlerMapping - Mapped URL path [/**] onto handler 'org.springframework.web.servlet.resource.DefaultServletHttpRequestHandler#0'
INFO localhost-startStop-1 org.springframework.web.servlet.mvc.method.annotation.RequestMappingHandlerMapping - Mapped "{[/aboutUs || /debt || /contactUs || /hr || /safe]}" onto public java.lang.String com.hjxintuo.controller.HomeController.comingSoon(javax.servlet.http.HttpSession,org.springframework.ui.ModelMap)
INFO localhost-startStop-1 org.springframework.web.servlet.mvc.method.annotation.RequestMappingHandlerMapping - Mapped "{[/test]}" onto public java.lang.String com.hjxintuo.controller.HomeController.test(javax.servlet.http.HttpSession,org.springframework.ui.ModelMap)
INFO localhost-startStop-1 org.springframework.web.servlet.mvc.method.annotation.RequestMappingHandlerMapping - Mapped "{[/ || /home]}" onto public java.lang.String com.hjxintuo.controller.HomeController.home(javax.servlet.http.HttpSession,org.springframework.ui.ModelMap)
INFO localhost-startStop-1 org.springframework.web.servlet.mvc.method.annotation.RequestMappingHandlerMapping - Mapped "{[/invest/buy]}" onto public java.util.Map<java.lang.String, java.lang.Object> com.hjxintuo.controller.InvestController.buy(javax.servlet.http.HttpServletRequest,javax.servlet.http.HttpSession,java.lang.Integer,float)
INFO localhost-startStop-1 org.springframework.web.servlet.mvc.method.annotation.RequestMappingHandlerMapping - Mapped "{[/invest/product]}" onto public java.lang.String com.hjxintuo.controller.InvestController.productDetail(javax.servlet.http.HttpSession,javax.servlet.http.HttpServletRequest,org.springframework.ui.ModelMap)
INFO localhost-startStop-1 org.springframework.web.servlet.mvc.method.annotation.RequestMappingHandlerMapping - Mapped "{[/invest]}" onto public java.lang.String com.hjxintuo.controller.InvestController.investHome(org.springframework.ui.ModelMap,javax.servlet.http.HttpServletRequest)
INFO localhost-startStop-1 org.springframework.web.servlet.mvc.method.annotation.RequestMappingHandlerMapping - Mapped "{[/SMSCode]}" onto public void com.hjxintuo.controller.RandomCodeController.SMSCode(javax.servlet.http.HttpSession)
INFO localhost-startStop-1 org.springframework.web.servlet.mvc.method.annotation.RequestMappingHandlerMapping - Mapped "{[/verify_code]}" onto public java.lang.String com.hjxintuo.controller.RandomCodeController.verifyCode(java.lang.String,javax.servlet.http.HttpSession)
INFO localhost-startStop-1 org.springframework.web.servlet.mvc.method.annotation.RequestMappingHandlerMapping - Mapped "{[/verification_code]}" onto public void com.hjxintuo.controller.RandomCodeController.getCode(javax.servlet.http.HttpServletRequest,javax.servlet.http.HttpServletResponse)
INFO localhost-startStop-1 org.springframework.web.servlet.mvc.method.annotation.RequestMappingHandlerMapping - Mapped "{[/login]}" onto public java.lang.String com.hjxintuo.controller.UserController.login(org.springframework.ui.ModelMap)
INFO localhost-startStop-1 org.springframework.web.servlet.mvc.method.annotation.RequestMappingHandlerMapping - Mapped "{[/logout]}" onto public java.lang.String com.hjxintuo.controller.UserController.logout(javax.servlet.http.HttpSession)
INFO localhost-startStop-1 org.springframework.web.servlet.mvc.method.annotation.RequestMappingHandlerMapping - Mapped "{[/do_login]}" onto public java.util.Map<java.lang.String, java.lang.Object> com.hjxintuo.controller.UserController.doLogin(javax.servlet.http.HttpServletRequest,javax.servlet.http.HttpServletResponse,javax.servlet.http.HttpSession,java.lang.String,java.lang.String)
INFO localhost-startStop-1 org.springframework.web.servlet.mvc.method.annotation.RequestMappingHandlerMapping - Mapped "{[/validate_phone]}" onto public boolean com.hjxintuo.controller.UserController.validatePhone(java.lang.String)
INFO localhost-startStop-1 org.springframework.web.servlet.mvc.method.annotation.RequestMappingHandlerMapping - Mapped "{[/do_register_step_1]}" onto public java.util.Map<java.lang.String, java.lang.Object> com.hjxintuo.controller.UserController.doRegisterStep1(javax.servlet.http.HttpServletRequest,javax.servlet.http.HttpSession,java.lang.String)
INFO localhost-startStop-1 org.springframework.web.servlet.mvc.method.annotation.RequestMappingHandlerMapping - Mapped "{[/register_step_2]}" onto public java.lang.String com.hjxintuo.controller.UserController.registerStep2(javax.servlet.http.HttpSession,org.springframework.ui.ModelMap)
INFO localhost-startStop-1 org.springframework.web.servlet.mvc.method.annotation.RequestMappingHandlerMapping - Mapped "{[/do_register_step_2]}" onto public java.util.Map<java.lang.String, java.lang.Object> com.hjxintuo.controller.UserController.doRegisterStep2(javax.servlet.http.HttpServletRequest,javax.servlet.http.HttpSession,java.lang.String)
INFO localhost-startStop-1 org.springframework.web.servlet.mvc.method.annotation.RequestMappingHandlerMapping - Mapped "{[/register_step_3]}" onto public java.lang.String com.hjxintuo.controller.UserController.registerStep3(org.springframework.ui.ModelMap,javax.servlet.http.HttpSession)
INFO localhost-startStop-1 org.springframework.web.servlet.mvc.method.annotation.RequestMappingHandlerMapping - Mapped "{[/account || /account/home]}" onto public java.lang.String com.hjxintuo.controller.UserController.account(javax.servlet.http.HttpSession,org.springframework.ui.ModelMap)
INFO localhost-startStop-1 org.springframework.web.servlet.mvc.method.annotation.RequestMappingHandlerMapping - Mapped "{[/recharge]}" onto public java.lang.String com.hjxintuo.controller.UserController.recharge(javax.servlet.http.HttpSession,javax.servlet.http.HttpServletRequest)
INFO localhost-startStop-1 org.springframework.web.servlet.mvc.method.annotation.RequestMappingHandlerMapping - Mapped "{[/register]}" onto public java.lang.String com.hjxintuo.controller.UserController.register(org.springframework.ui.ModelMap)
INFO localhost-startStop-1 org.springframework.web.servlet.mvc.method.annotation.RequestMappingHandlerAdapter - Looking for @ControllerAdvice: WebApplicationContext for namespace 'DispatcherServlet-servlet': startup date [Wed Nov 04 16:59:27 CST 2015]; root of context hierarchy
INFO localhost-startStop-1 org.springframework.web.servlet.mvc.method.annotation.RequestMappingHandlerAdapter - Looking for @ControllerAdvice: WebApplicationContext for namespace 'DispatcherServlet-servlet': startup date [Wed Nov 04 16:59:27 CST 2015]; root of context hierarchy
INFO localhost-startStop-1 org.springframework.web.servlet.handler.SimpleUrlHandlerMapping - Mapped URL path [/css/**] onto handler 'org.springframework.web.servlet.resource.ResourceHttpRequestHandler#0'
INFO localhost-startStop-1 org.springframework.web.servlet.handler.SimpleUrlHandlerMapping - Mapped URL path [/images/**] onto handler 'org.springframework.web.servlet.resource.ResourceHttpRequestHandler#1'
INFO localhost-startStop-1 org.springframework.web.servlet.handler.SimpleUrlHandlerMapping - Mapped URL path [/js/**] onto handler 'org.springframework.web.servlet.resource.ResourceHttpRequestHandler#2'
INFO localhost-startStop-1 org.springframework.web.servlet.DispatcherServlet - FrameworkServlet 'DispatcherServlet': initialization completed in 982 ms
INFO http-bio-8080-exec-3 com.hjxintuo.controller.UserController - /recharge
INFO http-bio-8080-exec-3 com.hjxintuo.controller.UserController - please login.
INFO http-bio-8080-exec-4 com.hjxintuo.controller.UserController - login !
INFO http-bio-8080-exec-6 com.hjxintuo.controller.UserController - do_login
INFO http-bio-8080-exec-3 com.hjxintuo.controller.UserController - do_login
INFO http-bio-8080-exec-6 org.hibernate.Version - HHH000412: Hibernate Core {5.0.1.Final}
INFO http-bio-8080-exec-6 org.hibernate.cfg.Environment - HHH000206: hibernate.properties not found
INFO http-bio-8080-exec-6 org.hibernate.cfg.Environment - HHH000021: Bytecode provider name : javassist
WARN http-bio-8080-exec-6 org.hibernate.orm.deprecation - HHH90000012: Recognized obsolete hibernate namespace http://hibernate.sourceforge.net/hibernate-configuration. Use namespace http://www.hibernate.org/dtd/hibernate-configuration instead.  Support for obsolete DTD/XSD namespaces may be removed at any time.
INFO http-bio-8080-exec-6 org.hibernate.annotations.common.Version - HCANN000001: Hibernate Commons Annotations {5.0.0.Final}
WARN http-bio-8080-exec-6 org.hibernate.engine.jdbc.connections.internal.DriverManagerConnectionProviderImpl - HHH000402: Using Hibernate built-in connection pool (not for production use!)
INFO http-bio-8080-exec-6 org.hibernate.engine.jdbc.connections.internal.DriverManagerConnectionProviderImpl - HHH000401: using driver [com.mysql.jdbc.Driver] at URL [jdbc:mysql://localhost:3306/hjxintuo?characterEncoding=UTF-8]
INFO http-bio-8080-exec-6 org.hibernate.engine.jdbc.connections.internal.DriverManagerConnectionProviderImpl - HHH000046: Connection properties: {user=root, password=****}
INFO http-bio-8080-exec-6 org.hibernate.engine.jdbc.connections.internal.DriverManagerConnectionProviderImpl - HHH000006: Autocommit mode: false
INFO http-bio-8080-exec-6 org.hibernate.engine.jdbc.connections.internal.DriverManagerConnectionProviderImpl - HHH000115: Hibernate connection pool size: 20 (min=1)
INFO http-bio-8080-exec-6 org.hibernate.dialect.Dialect - HHH000400: Using dialect: org.hibernate.dialect.MySQL5Dialect
INFO http-bio-8080-exec-6 org.hibernate.tool.hbm2ddl.SchemaUpdate - HHH000228: Running hbm2ddl schema update
INFO http-bio-8080-exec-3 org.hibernate.hql.internal.QueryTranslatorFactoryInitiator - HHH000397: Using ASTQueryTranslatorFactory
INFO http-bio-8080-exec-6 com.hjxintuo.controller.UserController - /account
INFO http-bio-8080-exec-6 com.hjxintuo.controller.UserController - hello, 15818603685
INFO http-bio-8080-exec-6 com.hjxintuo.controller.UserController - /recharge
INFO ContainerBackgroundProcessor[StandardEngine[Catalina]] org.springframework.web.context.support.XmlWebApplicationContext - Closing WebApplicationContext for namespace 'DispatcherServlet-servlet': startup date [Wed Nov 04 16:59:27 CST 2015]; root of context hierarchy
INFO ContainerBackgroundProcessor[StandardEngine[Catalina]] org.springframework.web.servlet.DispatcherServlet - FrameworkServlet 'DispatcherServlet': initialization started
INFO ContainerBackgroundProcessor[StandardEngine[Catalina]] org.springframework.web.context.support.XmlWebApplicationContext - Refreshing WebApplicationContext for namespace 'DispatcherServlet-servlet': startup date [Wed Nov 04 17:01:40 CST 2015]; root of context hierarchy
INFO ContainerBackgroundProcessor[StandardEngine[Catalina]] org.springframework.beans.factory.xml.XmlBeanDefinitionReader - Loading XML bean definitions from ServletContext resource [/WEB-INF/DispatcherServlet-servlet.xml]
INFO ContainerBackgroundProcessor[StandardEngine[Catalina]] org.springframework.web.servlet.handler.SimpleUrlHandlerMapping - Mapped URL path [/**] onto handler 'org.springframework.web.servlet.resource.DefaultServletHttpRequestHandler#0'
INFO ContainerBackgroundProcessor[StandardEngine[Catalina]] org.springframework.web.servlet.mvc.method.annotation.RequestMappingHandlerMapping - Mapped "{[/aboutUs || /debt || /contactUs || /hr || /safe]}" onto public java.lang.String com.hjxintuo.controller.HomeController.comingSoon(javax.servlet.http.HttpSession,org.springframework.ui.ModelMap)
INFO ContainerBackgroundProcessor[StandardEngine[Catalina]] org.springframework.web.servlet.mvc.method.annotation.RequestMappingHandlerMapping - Mapped "{[/test]}" onto public java.lang.String com.hjxintuo.controller.HomeController.test(javax.servlet.http.HttpSession,org.springframework.ui.ModelMap)
INFO ContainerBackgroundProcessor[StandardEngine[Catalina]] org.springframework.web.servlet.mvc.method.annotation.RequestMappingHandlerMapping - Mapped "{[/ || /home]}" onto public java.lang.String com.hjxintuo.controller.HomeController.home(javax.servlet.http.HttpSession,org.springframework.ui.ModelMap)
INFO ContainerBackgroundProcessor[StandardEngine[Catalina]] org.springframework.web.servlet.mvc.method.annotation.RequestMappingHandlerMapping - Mapped "{[/invest/buy]}" onto public java.util.Map<java.lang.String, java.lang.Object> com.hjxintuo.controller.InvestController.buy(javax.servlet.http.HttpServletRequest,javax.servlet.http.HttpSession,java.lang.Integer,float)
INFO ContainerBackgroundProcessor[StandardEngine[Catalina]] org.springframework.web.servlet.mvc.method.annotation.RequestMappingHandlerMapping - Mapped "{[/invest/product]}" onto public java.lang.String com.hjxintuo.controller.InvestController.productDetail(javax.servlet.http.HttpSession,javax.servlet.http.HttpServletRequest,org.springframework.ui.ModelMap)
INFO ContainerBackgroundProcessor[StandardEngine[Catalina]] org.springframework.web.servlet.mvc.method.annotation.RequestMappingHandlerMapping - Mapped "{[/invest]}" onto public java.lang.String com.hjxintuo.controller.InvestController.investHome(org.springframework.ui.ModelMap,javax.servlet.http.HttpServletRequest)
INFO ContainerBackgroundProcessor[StandardEngine[Catalina]] org.springframework.web.servlet.mvc.method.annotation.RequestMappingHandlerMapping - Mapped "{[/SMSCode]}" onto public void com.hjxintuo.controller.RandomCodeController.SMSCode(javax.servlet.http.HttpSession)
INFO ContainerBackgroundProcessor[StandardEngine[Catalina]] org.springframework.web.servlet.mvc.method.annotation.RequestMappingHandlerMapping - Mapped "{[/verify_code]}" onto public java.lang.String com.hjxintuo.controller.RandomCodeController.verifyCode(java.lang.String,javax.servlet.http.HttpSession)
INFO ContainerBackgroundProcessor[StandardEngine[Catalina]] org.springframework.web.servlet.mvc.method.annotation.RequestMappingHandlerMapping - Mapped "{[/verification_code]}" onto public void com.hjxintuo.controller.RandomCodeController.getCode(javax.servlet.http.HttpServletRequest,javax.servlet.http.HttpServletResponse)
INFO ContainerBackgroundProcessor[StandardEngine[Catalina]] org.springframework.web.servlet.mvc.method.annotation.RequestMappingHandlerMapping - Mapped "{[/login]}" onto public java.lang.String com.hjxintuo.controller.UserController.login(org.springframework.ui.ModelMap)
INFO ContainerBackgroundProcessor[StandardEngine[Catalina]] org.springframework.web.servlet.mvc.method.annotation.RequestMappingHandlerMapping - Mapped "{[/logout]}" onto public java.lang.String com.hjxintuo.controller.UserController.logout(javax.servlet.http.HttpSession)
INFO ContainerBackgroundProcessor[StandardEngine[Catalina]] org.springframework.web.servlet.mvc.method.annotation.RequestMappingHandlerMapping - Mapped "{[/do_login]}" onto public java.util.Map<java.lang.String, java.lang.Object> com.hjxintuo.controller.UserController.doLogin(javax.servlet.http.HttpServletRequest,javax.servlet.http.HttpServletResponse,javax.servlet.http.HttpSession,java.lang.String,java.lang.String)
INFO ContainerBackgroundProcessor[StandardEngine[Catalina]] org.springframework.web.servlet.mvc.method.annotation.RequestMappingHandlerMapping - Mapped "{[/validate_phone]}" onto public boolean com.hjxintuo.controller.UserController.validatePhone(java.lang.String)
INFO ContainerBackgroundProcessor[StandardEngine[Catalina]] org.springframework.web.servlet.mvc.method.annotation.RequestMappingHandlerMapping - Mapped "{[/do_register_step_1]}" onto public java.util.Map<java.lang.String, java.lang.Object> com.hjxintuo.controller.UserController.doRegisterStep1(javax.servlet.http.HttpServletRequest,javax.servlet.http.HttpSession,java.lang.String)
INFO ContainerBackgroundProcessor[StandardEngine[Catalina]] org.springframework.web.servlet.mvc.method.annotation.RequestMappingHandlerMapping - Mapped "{[/register_step_2]}" onto public java.lang.String com.hjxintuo.controller.UserController.registerStep2(javax.servlet.http.HttpSession,org.springframework.ui.ModelMap)
INFO ContainerBackgroundProcessor[StandardEngine[Catalina]] org.springframework.web.servlet.mvc.method.annotation.RequestMappingHandlerMapping - Mapped "{[/do_register_step_2]}" onto public java.util.Map<java.lang.String, java.lang.Object> com.hjxintuo.controller.UserController.doRegisterStep2(javax.servlet.http.HttpServletRequest,javax.servlet.http.HttpSession,java.lang.String)
INFO ContainerBackgroundProcessor[StandardEngine[Catalina]] org.springframework.web.servlet.mvc.method.annotation.RequestMappingHandlerMapping - Mapped "{[/register_step_3]}" onto public java.lang.String com.hjxintuo.controller.UserController.registerStep3(org.springframework.ui.ModelMap,javax.servlet.http.HttpSession)
INFO ContainerBackgroundProcessor[StandardEngine[Catalina]] org.springframework.web.servlet.mvc.method.annotation.RequestMappingHandlerMapping - Mapped "{[/account || /account/home]}" onto public java.lang.String com.hjxintuo.controller.UserController.account(javax.servlet.http.HttpSession,org.springframework.ui.ModelMap)
INFO ContainerBackgroundProcessor[StandardEngine[Catalina]] org.springframework.web.servlet.mvc.method.annotation.RequestMappingHandlerMapping - Mapped "{[/recharge]}" onto public java.lang.String com.hjxintuo.controller.UserController.recharge(javax.servlet.http.HttpSession,javax.servlet.http.HttpServletRequest)
INFO ContainerBackgroundProcessor[StandardEngine[Catalina]] org.springframework.web.servlet.mvc.method.annotation.RequestMappingHandlerMapping - Mapped "{[/register]}" onto public java.lang.String com.hjxintuo.controller.UserController.register(org.springframework.ui.ModelMap)
INFO ContainerBackgroundProcessor[StandardEngine[Catalina]] org.springframework.web.servlet.mvc.method.annotation.RequestMappingHandlerAdapter - Looking for @ControllerAdvice: WebApplicationContext for namespace 'DispatcherServlet-servlet': startup date [Wed Nov 04 17:01:40 CST 2015]; root of context hierarchy
INFO ContainerBackgroundProcessor[StandardEngine[Catalina]] org.springframework.web.servlet.mvc.method.annotation.RequestMappingHandlerAdapter - Looking for @ControllerAdvice: WebApplicationContext for namespace 'DispatcherServlet-servlet': startup date [Wed Nov 04 17:01:40 CST 2015]; root of context hierarchy
INFO ContainerBackgroundProcessor[StandardEngine[Catalina]] org.springframework.web.servlet.handler.SimpleUrlHandlerMapping - Mapped URL path [/css/**] onto handler 'org.springframework.web.servlet.resource.ResourceHttpRequestHandler#0'
INFO ContainerBackgroundProcessor[StandardEngine[Catalina]] org.springframework.web.servlet.handler.SimpleUrlHandlerMapping - Mapped URL path [/images/**] onto handler 'org.springframework.web.servlet.resource.ResourceHttpRequestHandler#1'
INFO ContainerBackgroundProcessor[StandardEngine[Catalina]] org.springframework.web.servlet.handler.SimpleUrlHandlerMapping - Mapped URL path [/js/**] onto handler 'org.springframework.web.servlet.resource.ResourceHttpRequestHandler#2'
INFO ContainerBackgroundProcessor[StandardEngine[Catalina]] org.springframework.web.servlet.DispatcherServlet - FrameworkServlet 'DispatcherServlet': initialization completed in 895 ms
INFO ContainerBackgroundProcessor[StandardEngine[Catalina]] org.springframework.web.context.support.XmlWebApplicationContext - Closing WebApplicationContext for namespace 'DispatcherServlet-servlet': startup date [Wed Nov 04 17:01:40 CST 2015]; root of context hierarchy
INFO ContainerBackgroundProcessor[StandardEngine[Catalina]] org.springframework.web.servlet.DispatcherServlet - FrameworkServlet 'DispatcherServlet': initialization started
INFO ContainerBackgroundProcessor[StandardEngine[Catalina]] org.springframework.web.context.support.XmlWebApplicationContext - Refreshing WebApplicationContext for namespace 'DispatcherServlet-servlet': startup date [Wed Nov 04 17:01:52 CST 2015]; root of context hierarchy
INFO ContainerBackgroundProcessor[StandardEngine[Catalina]] org.springframework.beans.factory.xml.XmlBeanDefinitionReader - Loading XML bean definitions from ServletContext resource [/WEB-INF/DispatcherServlet-servlet.xml]
INFO ContainerBackgroundProcessor[StandardEngine[Catalina]] org.springframework.web.servlet.handler.SimpleUrlHandlerMapping - Mapped URL path [/**] onto handler 'org.springframework.web.servlet.resource.DefaultServletHttpRequestHandler#0'
INFO ContainerBackgroundProcessor[StandardEngine[Catalina]] org.springframework.web.servlet.mvc.method.annotation.RequestMappingHandlerMapping - Mapped "{[/aboutUs || /debt || /contactUs || /hr || /safe]}" onto public java.lang.String com.hjxintuo.controller.HomeController.comingSoon(javax.servlet.http.HttpSession,org.springframework.ui.ModelMap)
INFO ContainerBackgroundProcessor[StandardEngine[Catalina]] org.springframework.web.servlet.mvc.method.annotation.RequestMappingHandlerMapping - Mapped "{[/test]}" onto public java.lang.String com.hjxintuo.controller.HomeController.test(javax.servlet.http.HttpSession,org.springframework.ui.ModelMap)
INFO ContainerBackgroundProcessor[StandardEngine[Catalina]] org.springframework.web.servlet.mvc.method.annotation.RequestMappingHandlerMapping - Mapped "{[/ || /home]}" onto public java.lang.String com.hjxintuo.controller.HomeController.home(javax.servlet.http.HttpSession,org.springframework.ui.ModelMap)
INFO ContainerBackgroundProcessor[StandardEngine[Catalina]] org.springframework.web.servlet.mvc.method.annotation.RequestMappingHandlerMapping - Mapped "{[/invest/buy]}" onto public java.util.Map<java.lang.String, java.lang.Object> com.hjxintuo.controller.InvestController.buy(javax.servlet.http.HttpServletRequest,javax.servlet.http.HttpSession,java.lang.Integer,float)
INFO ContainerBackgroundProcessor[StandardEngine[Catalina]] org.springframework.web.servlet.mvc.method.annotation.RequestMappingHandlerMapping - Mapped "{[/invest/product]}" onto public java.lang.String com.hjxintuo.controller.InvestController.productDetail(javax.servlet.http.HttpSession,javax.servlet.http.HttpServletRequest,org.springframework.ui.ModelMap)
INFO ContainerBackgroundProcessor[StandardEngine[Catalina]] org.springframework.web.servlet.mvc.method.annotation.RequestMappingHandlerMapping - Mapped "{[/invest]}" onto public java.lang.String com.hjxintuo.controller.InvestController.investHome(org.springframework.ui.ModelMap,javax.servlet.http.HttpServletRequest)
INFO ContainerBackgroundProcessor[StandardEngine[Catalina]] org.springframework.web.servlet.mvc.method.annotation.RequestMappingHandlerMapping - Mapped "{[/SMSCode]}" onto public void com.hjxintuo.controller.RandomCodeController.SMSCode(javax.servlet.http.HttpSession)
INFO ContainerBackgroundProcessor[StandardEngine[Catalina]] org.springframework.web.servlet.mvc.method.annotation.RequestMappingHandlerMapping - Mapped "{[/verify_code]}" onto public java.lang.String com.hjxintuo.controller.RandomCodeController.verifyCode(java.lang.String,javax.servlet.http.HttpSession)
INFO ContainerBackgroundProcessor[StandardEngine[Catalina]] org.springframework.web.servlet.mvc.method.annotation.RequestMappingHandlerMapping - Mapped "{[/verification_code]}" onto public void com.hjxintuo.controller.RandomCodeController.getCode(javax.servlet.http.HttpServletRequest,javax.servlet.http.HttpServletResponse)
INFO ContainerBackgroundProcessor[StandardEngine[Catalina]] org.springframework.web.servlet.mvc.method.annotation.RequestMappingHandlerMapping - Mapped "{[/login]}" onto public java.lang.String com.hjxintuo.controller.UserController.login(org.springframework.ui.ModelMap)
INFO ContainerBackgroundProcessor[StandardEngine[Catalina]] org.springframework.web.servlet.mvc.method.annotation.RequestMappingHandlerMapping - Mapped "{[/logout]}" onto public java.lang.String com.hjxintuo.controller.UserController.logout(javax.servlet.http.HttpSession)
INFO ContainerBackgroundProcessor[StandardEngine[Catalina]] org.springframework.web.servlet.mvc.method.annotation.RequestMappingHandlerMapping - Mapped "{[/do_login]}" onto public java.util.Map<java.lang.String, java.lang.Object> com.hjxintuo.controller.UserController.doLogin(javax.servlet.http.HttpServletRequest,javax.servlet.http.HttpServletResponse,javax.servlet.http.HttpSession,java.lang.String,java.lang.String)
INFO ContainerBackgroundProcessor[StandardEngine[Catalina]] org.springframework.web.servlet.mvc.method.annotation.RequestMappingHandlerMapping - Mapped "{[/validate_phone]}" onto public boolean com.hjxintuo.controller.UserController.validatePhone(java.lang.String)
INFO ContainerBackgroundProcessor[StandardEngine[Catalina]] org.springframework.web.servlet.mvc.method.annotation.RequestMappingHandlerMapping - Mapped "{[/do_register_step_1]}" onto public java.util.Map<java.lang.String, java.lang.Object> com.hjxintuo.controller.UserController.doRegisterStep1(javax.servlet.http.HttpServletRequest,javax.servlet.http.HttpSession,java.lang.String)
INFO ContainerBackgroundProcessor[StandardEngine[Catalina]] org.springframework.web.servlet.mvc.method.annotation.RequestMappingHandlerMapping - Mapped "{[/register_step_2]}" onto public java.lang.String com.hjxintuo.controller.UserController.registerStep2(javax.servlet.http.HttpSession,org.springframework.ui.ModelMap)
INFO ContainerBackgroundProcessor[StandardEngine[Catalina]] org.springframework.web.servlet.mvc.method.annotation.RequestMappingHandlerMapping - Mapped "{[/do_register_step_2]}" onto public java.util.Map<java.lang.String, java.lang.Object> com.hjxintuo.controller.UserController.doRegisterStep2(javax.servlet.http.HttpServletRequest,javax.servlet.http.HttpSession,java.lang.String)
INFO ContainerBackgroundProcessor[StandardEngine[Catalina]] org.springframework.web.servlet.mvc.method.annotation.RequestMappingHandlerMapping - Mapped "{[/register_step_3]}" onto public java.lang.String com.hjxintuo.controller.UserController.registerStep3(org.springframework.ui.ModelMap,javax.servlet.http.HttpSession)
INFO ContainerBackgroundProcessor[StandardEngine[Catalina]] org.springframework.web.servlet.mvc.method.annotation.RequestMappingHandlerMapping - Mapped "{[/account || /account/home]}" onto public java.lang.String com.hjxintuo.controller.UserController.account(javax.servlet.http.HttpSession,org.springframework.ui.ModelMap)
INFO ContainerBackgroundProcessor[StandardEngine[Catalina]] org.springframework.web.servlet.mvc.method.annotation.RequestMappingHandlerMapping - Mapped "{[/recharge]}" onto public java.lang.String com.hjxintuo.controller.UserController.recharge(javax.servlet.http.HttpSession,org.springframework.ui.ModelMap)
INFO ContainerBackgroundProcessor[StandardEngine[Catalina]] org.springframework.web.servlet.mvc.method.annotation.RequestMappingHandlerMapping - Mapped "{[/register]}" onto public java.lang.String com.hjxintuo.controller.UserController.register(org.springframework.ui.ModelMap)
INFO ContainerBackgroundProcessor[StandardEngine[Catalina]] org.springframework.web.servlet.mvc.method.annotation.RequestMappingHandlerAdapter - Looking for @ControllerAdvice: WebApplicationContext for namespace 'DispatcherServlet-servlet': startup date [Wed Nov 04 17:01:52 CST 2015]; root of context hierarchy
INFO ContainerBackgroundProcessor[StandardEngine[Catalina]] org.springframework.web.servlet.mvc.method.annotation.RequestMappingHandlerAdapter - Looking for @ControllerAdvice: WebApplicationContext for namespace 'DispatcherServlet-servlet': startup date [Wed Nov 04 17:01:52 CST 2015]; root of context hierarchy
INFO ContainerBackgroundProcessor[StandardEngine[Catalina]] org.springframework.web.servlet.handler.SimpleUrlHandlerMapping - Mapped URL path [/css/**] onto handler 'org.springframework.web.servlet.resource.ResourceHttpRequestHandler#0'
INFO ContainerBackgroundProcessor[StandardEngine[Catalina]] org.springframework.web.servlet.handler.SimpleUrlHandlerMapping - Mapped URL path [/images/**] onto handler 'org.springframework.web.servlet.resource.ResourceHttpRequestHandler#1'
INFO ContainerBackgroundProcessor[StandardEngine[Catalina]] org.springframework.web.servlet.handler.SimpleUrlHandlerMapping - Mapped URL path [/js/**] onto handler 'org.springframework.web.servlet.resource.ResourceHttpRequestHandler#2'
INFO ContainerBackgroundProcessor[StandardEngine[Catalina]] org.springframework.web.servlet.DispatcherServlet - FrameworkServlet 'DispatcherServlet': initialization completed in 899 ms
INFO http-bio-8080-exec-13 com.hjxintuo.controller.HomeController - hello HJXintuo !
INFO http-bio-8080-exec-13 org.hibernate.Version - HHH000412: Hibernate Core {5.0.1.Final}
INFO http-bio-8080-exec-13 org.hibernate.cfg.Environment - HHH000206: hibernate.properties not found
INFO http-bio-8080-exec-13 org.hibernate.cfg.Environment - HHH000021: Bytecode provider name : javassist
WARN http-bio-8080-exec-13 org.hibernate.orm.deprecation - HHH90000012: Recognized obsolete hibernate namespace http://hibernate.sourceforge.net/hibernate-configuration. Use namespace http://www.hibernate.org/dtd/hibernate-configuration instead.  Support for obsolete DTD/XSD namespaces may be removed at any time.
INFO http-bio-8080-exec-13 org.hibernate.annotations.common.Version - HCANN000001: Hibernate Commons Annotations {5.0.0.Final}
WARN http-bio-8080-exec-13 org.hibernate.engine.jdbc.connections.internal.DriverManagerConnectionProviderImpl - HHH000402: Using Hibernate built-in connection pool (not for production use!)
INFO http-bio-8080-exec-13 org.hibernate.engine.jdbc.connections.internal.DriverManagerConnectionProviderImpl - HHH000401: using driver [com.mysql.jdbc.Driver] at URL [jdbc:mysql://localhost:3306/hjxintuo?characterEncoding=UTF-8]
INFO http-bio-8080-exec-13 org.hibernate.engine.jdbc.connections.internal.DriverManagerConnectionProviderImpl - HHH000046: Connection properties: {user=root, password=****}
INFO http-bio-8080-exec-13 org.hibernate.engine.jdbc.connections.internal.DriverManagerConnectionProviderImpl - HHH000006: Autocommit mode: false
INFO http-bio-8080-exec-13 org.hibernate.engine.jdbc.connections.internal.DriverManagerConnectionProviderImpl - HHH000115: Hibernate connection pool size: 20 (min=1)
INFO http-bio-8080-exec-13 org.hibernate.dialect.Dialect - HHH000400: Using dialect: org.hibernate.dialect.MySQL5Dialect
INFO http-bio-8080-exec-13 org.hibernate.tool.hbm2ddl.SchemaUpdate - HHH000228: Running hbm2ddl schema update
INFO http-bio-8080-exec-13 org.hibernate.hql.internal.QueryTranslatorFactoryInitiator - HHH000397: Using ASTQueryTranslatorFactory
